2025-10-14 02:00:45 [ERROR] [2] Undefined variable $requet in /var/www/html/App/Http/Controllers/v1/TelemetryController.php on line 25
2025-10-14 02:00:45 [ERROR] [2] Attempt to read property "fields" on null in /var/www/html/App/Http/Controllers/v1/TelemetryController.php on line 25
2025-10-14 02:00:45 [ERROR] [2] Trying to access array offset on null in /var/www/html/App/Http/Controllers/v1/TelemetryController.php on line 25
2025-10-14 02:00:46 [ERROR] [2] Undefined variable $requet in /var/www/html/App/Http/Controllers/v1/TelemetryController.php on line 25
2025-10-14 02:00:46 [ERROR] [2] Attempt to read property "fields" on null in /var/www/html/App/Http/Controllers/v1/TelemetryController.php on line 25
2025-10-14 02:00:46 [ERROR] [2] Trying to access array offset on null in /var/www/html/App/Http/Controllers/v1/TelemetryController.php on line 25
2025-10-14 02:03:42 [ERROR] [2] Undefined variable $requet in /var/www/html/App/Http/Controllers/v1/TelemetryController.php on line 25
2025-10-14 02:03:42 [ERROR] [2] Attempt to read property "fields" on null in /var/www/html/App/Http/Controllers/v1/TelemetryController.php on line 25
2025-10-14 02:03:42 [ERROR] [2] Trying to access array offset on null in /var/www/html/App/Http/Controllers/v1/TelemetryController.php on line 25
2025-10-14 02:03:43 [ERROR] [2] Undefined variable $requet in /var/www/html/App/Http/Controllers/v1/TelemetryController.php on line 25
2025-10-14 02:03:43 [ERROR] [2] Attempt to read property "fields" on null in /var/www/html/App/Http/Controllers/v1/TelemetryController.php on line 25
2025-10-14 02:03:43 [ERROR] [2] Trying to access array offset on null in /var/www/html/App/Http/Controllers/v1/TelemetryController.php on line 25
2025-10-14 02:03:43 [ERROR] [2] Undefined variable $requet in /var/www/html/App/Http/Controllers/v1/TelemetryController.php on line 25
2025-10-14 02:03:43 [ERROR] [2] Attempt to read property "fields" on null in /var/www/html/App/Http/Controllers/v1/TelemetryController.php on line 25
2025-10-14 02:03:43 [ERROR] [2] Trying to access array offset on null in /var/www/html/App/Http/Controllers/v1/TelemetryController.php on line 25
2025-10-14 02:06:20 [ERROR] [2] Undefined variable $requet in /var/www/html/App/Http/Controllers/v1/TelemetryController.php on line 25
2025-10-14 02:06:20 [ERROR] [2] Attempt to read property "fields" on null in /var/www/html/App/Http/Controllers/v1/TelemetryController.php on line 25
2025-10-14 02:06:20 [ERROR] [2] Trying to access array offset on null in /var/www/html/App/Http/Controllers/v1/TelemetryController.php on line 25
2025-10-14 02:06:21 [ERROR] [2] Undefined variable $requet in /var/www/html/App/Http/Controllers/v1/TelemetryController.php on line 25
2025-10-14 02:06:21 [ERROR] [2] Attempt to read property "fields" on null in /var/www/html/App/Http/Controllers/v1/TelemetryController.php on line 25
2025-10-14 02:06:21 [ERROR] [2] Trying to access array offset on null in /var/www/html/App/Http/Controllers/v1/TelemetryController.php on line 25
2025-10-14 02:08:27 [ERROR] [2] Undefined variable $requet in /var/www/html/App/Http/Controllers/v1/TelemetryController.php on line 25
2025-10-14 02:08:27 [ERROR] [2] Attempt to read property "fields" on null in /var/www/html/App/Http/Controllers/v1/TelemetryController.php on line 25
2025-10-14 02:08:27 [ERROR] [2] Trying to access array offset on null in /var/www/html/App/Http/Controllers/v1/TelemetryController.php on line 25
2025-10-14 02:08:28 [ERROR] [2] Undefined variable $requet in /var/www/html/App/Http/Controllers/v1/TelemetryController.php on line 25
2025-10-14 02:08:28 [ERROR] [2] Attempt to read property "fields" on null in /var/www/html/App/Http/Controllers/v1/TelemetryController.php on line 25
2025-10-14 02:08:28 [ERROR] [2] Trying to access array offset on null in /var/www/html/App/Http/Controllers/v1/TelemetryController.php on line 25
2025-10-14 02:08:28 [ERROR] [2] Undefined variable $requet in /var/www/html/App/Http/Controllers/v1/TelemetryController.php on line 25
2025-10-14 02:08:28 [ERROR] [2] Attempt to read property "fields" on null in /var/www/html/App/Http/Controllers/v1/TelemetryController.php on line 25
2025-10-14 02:08:28 [ERROR] [2] Trying to access array offset on null in /var/www/html/App/Http/Controllers/v1/TelemetryController.php on line 25
2025-10-14 02:10:22 [ERROR] [2] Attempt to read property "fields" on null in /var/www/html/App/Http/Controllers/v1/TelemetryController.php on line 25
2025-10-14 02:10:22 [ERROR] [2] Trying to access array offset on null in /var/www/html/App/Http/Controllers/v1/TelemetryController.php on line 25
2025-10-14 02:10:23 [ERROR] [2] Attempt to read property "fields" on null in /var/www/html/App/Http/Controllers/v1/TelemetryController.php on line 25
2025-10-14 02:10:23 [ERROR] [2] Trying to access array offset on null in /var/www/html/App/Http/Controllers/v1/TelemetryController.php on line 25
2025-10-14 02:16:40 [ERROR] [2] Attempt to read property "fields" on array in /var/www/html/App/Http/Controllers/v1/TelemetryController.php on line 25
2025-10-14 02:16:40 [ERROR] [2] Trying to access array offset on null in /var/www/html/App/Http/Controllers/v1/TelemetryController.php on line 25
2025-10-14 02:16:41 [ERROR] [2] Attempt to read property "fields" on array in /var/www/html/App/Http/Controllers/v1/TelemetryController.php on line 25
2025-10-14 02:16:41 [ERROR] [2] Trying to access array offset on null in /var/www/html/App/Http/Controllers/v1/TelemetryController.php on line 25
2025-10-14 02:24:14 [ERROR] [2] http_response_code(): Cannot set response code - headers already sent (output started at /var/www/html/App/Http/Controllers/v1/TelemetryController.php:25) in /var/www/html/index.php on line 42
2025-10-14 02:25:06 [ERROR] [2] Attempt to read property "deviceId" on array in /var/www/html/App/Services/TelemetryQueueService.php on line 28
2025-10-14 02:25:06 [ERROR] [2] Attempt to read property "fields" on array in /var/www/html/App/Services/TelemetryQueueService.php on line 31
2025-10-14 02:25:06 [ERROR] [2] foreach() argument must be of type array|object, null given in /var/www/html/App/Services/TelemetryQueueService.php on line 31
2025-10-14 02:25:06 [ERROR] [2] Cannot modify header information - headers already sent by (output started at /var/www/html/App/Http/Controllers/v1/TelemetryController.php:25) in /var/www/html/System/Responses/JsonResponse.php on line 14
2025-10-14 02:25:06 [ERROR] [2] http_response_code(): Cannot set response code - headers already sent (output started at /var/www/html/App/Http/Controllers/v1/TelemetryController.php:25) in /var/www/html/System/Responses/JsonResponse.php on line 15
2025-10-14 02:25:27 [ERROR] [2] Attempt to read property "deviceId" on array in /var/www/html/App/Services/TelemetryQueueService.php on line 28
2025-10-14 02:25:27 [ERROR] [2] Attempt to read property "fields" on array in /var/www/html/App/Services/TelemetryQueueService.php on line 31
2025-10-14 02:25:27 [ERROR] [2] foreach() argument must be of type array|object, null given in /var/www/html/App/Services/TelemetryQueueService.php on line 31
2025-10-14 02:25:27 [ERROR] [2] Cannot modify header information - headers already sent by (output started at /var/www/html/App/Http/Controllers/v1/TelemetryController.php:25) in /var/www/html/System/Responses/JsonResponse.php on line 14
2025-10-14 02:25:27 [ERROR] [2] http_response_code(): Cannot set response code - headers already sent (output started at /var/www/html/App/Http/Controllers/v1/TelemetryController.php:25) in /var/www/html/System/Responses/JsonResponse.php on line 15
2025-10-14 02:37:43 [ERROR] [2] Attempt to read property "fields" on array in /var/www/html/App/Services/TelemetryQueueService.php on line 26
2025-10-14 02:37:43 [ERROR] [2] foreach() argument must be of type array|object, null given in /var/www/html/App/Services/TelemetryQueueService.php on line 26
2025-10-14 02:37:43 [ERROR] [2] Cannot modify header information - headers already sent by (output started at /var/www/html/App/Http/Controllers/v1/TelemetryController.php:25) in /var/www/html/System/Responses/JsonResponse.php on line 14
2025-10-14 02:37:43 [ERROR] [2] http_response_code(): Cannot set response code - headers already sent (output started at /var/www/html/App/Http/Controllers/v1/TelemetryController.php:25) in /var/www/html/System/Responses/JsonResponse.php on line 15
2025-10-14 02:37:53 [ERROR] [2] Attempt to read property "fields" on array in /var/www/html/App/Services/TelemetryQueueService.php on line 26
2025-10-14 02:37:53 [ERROR] [2] foreach() argument must be of type array|object, null given in /var/www/html/App/Services/TelemetryQueueService.php on line 26
2025-10-14 16:26:11 [ERROR] [2] Undefined variable $data in /var/www/html/App/Http/Requests/StoreTelemetryRequest.php on line 13
2025-10-14 16:26:45 [ERROR] [2] Undefined variable $data in /var/www/html/App/Http/Requests/StoreTelemetryRequest.php on line 13
2025-10-14 16:27:18 [ERROR] [2] Attempt to read property "fields" on array in /var/www/html/App/Services/TelemetryQueueService.php on line 26
2025-10-14 16:27:18 [ERROR] [2] foreach() argument must be of type array|object, null given in /var/www/html/App/Services/TelemetryQueueService.php on line 26
2025-10-14 16:27:18 [ERROR] [2] Cannot modify header information - headers already sent by (output started at /var/www/html/App/Http/Requests/StoreTelemetryRequest.php:13) in /var/www/html/System/Responses/JsonResponse.php on line 14
2025-10-14 16:27:18 [ERROR] [2] http_response_code(): Cannot set response code - headers already sent (output started at /var/www/html/App/Http/Requests/StoreTelemetryRequest.php:13) in /var/www/html/System/Responses/JsonResponse.php on line 15
2025-10-14 16:28:38 [ERROR] [2] Attempt to read property "fields" on array in /var/www/html/App/Services/TelemetryQueueService.php on line 26
2025-10-14 16:28:38 [ERROR] [2] foreach() argument must be of type array|object, null given in /var/www/html/App/Services/TelemetryQueueService.php on line 26
2025-10-14 16:28:40 [ERROR] [2] Attempt to read property "fields" on array in /var/www/html/App/Services/TelemetryQueueService.php on line 26
2025-10-14 16:28:40 [ERROR] [2] foreach() argument must be of type array|object, null given in /var/www/html/App/Services/TelemetryQueueService.php on line 26
2025-10-14 16:29:31 [ERROR] [2] Attempt to read property "fields" on array in /var/www/html/App/Services/TelemetryQueueService.php on line 26
2025-10-14 16:29:31 [ERROR] [2] foreach() argument must be of type array|object, null given in /var/www/html/App/Services/TelemetryQueueService.php on line 26
2025-10-14 16:29:31 [ERROR] [2] Attempt to read property "fields" on array in /var/www/html/App/Services/TelemetryQueueService.php on line 26
2025-10-14 16:29:31 [ERROR] [2] foreach() argument must be of type array|object, null given in /var/www/html/App/Services/TelemetryQueueService.php on line 26
2025-10-14 16:29:32 [ERROR] [2] Attempt to read property "fields" on array in /var/www/html/App/Services/TelemetryQueueService.php on line 26
2025-10-14 16:29:32 [ERROR] [2] foreach() argument must be of type array|object, null given in /var/www/html/App/Services/TelemetryQueueService.php on line 26
2025-10-14 16:29:50 [ERROR] [2] Attempt to read property "fields" on array in /var/www/html/App/Services/TelemetryQueueService.php on line 26
2025-10-14 16:29:50 [ERROR] [2] foreach() argument must be of type array|object, null given in /var/www/html/App/Services/TelemetryQueueService.php on line 26
2025-10-14 16:32:12 [ERROR] [2] Attempt to read property "fields" on array in /var/www/html/App/Http/Controllers/v1/TelemetryController.php on line 25
2025-10-14 17:05:58 [ERROR] [2] Attempt to read property "fields" on array in /var/www/html/App/Http/Controllers/v1/TelemetryController.php on line 26
2025-10-14 17:14:05 [ERROR] [8192] Creation of dynamic property App\Http\Requests\StoreTelemetryRequest::$apiKey is deprecated in /var/www/html/App/Http/Requests/StoreTelemetryRequest.php on line 18
2025-10-14 17:14:05 [ERROR] [8192] Creation of dynamic property App\Http\Requests\StoreTelemetryRequest::$deviceId is deprecated in /var/www/html/App/Http/Requests/StoreTelemetryRequest.php on line 19
2025-10-14 17:14:39 [ERROR] [8192] Creation of dynamic property App\Http\Requests\StoreTelemetryRequest::$apiKey is deprecated in /var/www/html/App/Http/Requests/StoreTelemetryRequest.php on line 18
2025-10-14 17:14:39 [ERROR] [8192] Creation of dynamic property App\Http\Requests\StoreTelemetryRequest::$deviceId is deprecated in /var/www/html/App/Http/Requests/StoreTelemetryRequest.php on line 19
2025-10-14 17:15:19 [ERROR] [8192] Creation of dynamic property App\Http\Requests\StoreTelemetryRequest::$apiKey is deprecated in /var/www/html/App/Http/Requests/StoreTelemetryRequest.php on line 18
2025-10-14 17:15:19 [ERROR] [8192] Creation of dynamic property App\Http\Requests\StoreTelemetryRequest::$deviceId is deprecated in /var/www/html/App/Http/Requests/StoreTelemetryRequest.php on line 19
2025-10-14 17:17:13 [ERROR] [8192] Creation of dynamic property App\Http\Requests\StoreTelemetryRequest::$apiKey is deprecated in /var/www/html/App/Http/Requests/StoreTelemetryRequest.php on line 18
2025-10-14 17:17:13 [ERROR] [8192] Creation of dynamic property App\Http\Requests\StoreTelemetryRequest::$deviceId is deprecated in /var/www/html/App/Http/Requests/StoreTelemetryRequest.php on line 19
2025-10-14 17:25:36 [ERROR] [8192] Creation of dynamic property App\Http\Requests\StoreTelemetryRequest::$fields is deprecated in /var/www/html/App/Http/Requests/StoreTelemetryRequest.php on line 35
2025-10-14 17:25:37 [ERROR] [8192] Creation of dynamic property App\Http\Requests\StoreTelemetryRequest::$fields is deprecated in /var/www/html/App/Http/Requests/StoreTelemetryRequest.php on line 35
2025-10-14 17:25:38 [ERROR] [8192] Creation of dynamic property App\Http\Requests\StoreTelemetryRequest::$fields is deprecated in /var/www/html/App/Http/Requests/StoreTelemetryRequest.php on line 35
2025-10-14 17:25:38 [ERROR] [8192] Creation of dynamic property App\Http\Requests\StoreTelemetryRequest::$fields is deprecated in /var/www/html/App/Http/Requests/StoreTelemetryRequest.php on line 35
2025-10-14 17:25:39 [ERROR] [8192] Creation of dynamic property App\Http\Requests\StoreTelemetryRequest::$fields is deprecated in /var/www/html/App/Http/Requests/StoreTelemetryRequest.php on line 35
2025-10-14 17:25:39 [ERROR] [8192] Creation of dynamic property App\Http\Requests\StoreTelemetryRequest::$fields is deprecated in /var/www/html/App/Http/Requests/StoreTelemetryRequest.php on line 35
2025-10-14 17:27:50 [ERROR] [2] Undefined array key "apiKey" in /var/www/html/App/Http/Requests/StoreTelemetryRequest.php on line 33
2025-10-14 17:28:04 [ERROR] [8192] Creation of dynamic property App\Http\Requests\StoreTelemetryRequest::$fields is deprecated in /var/www/html/App/Http/Requests/StoreTelemetryRequest.php on line 35
2025-10-14 17:28:17 [ERROR] [8192] Creation of dynamic property App\Http\Requests\StoreTelemetryRequest::$api_key is deprecated in /var/www/html/App/Http/Requests/StoreTelemetryRequest.php on line 33
2025-10-14 17:28:17 [ERROR] [8192] Creation of dynamic property App\Http\Requests\StoreTelemetryRequest::$device_id is deprecated in /var/www/html/App/Http/Requests/StoreTelemetryRequest.php on line 34
2025-10-14 17:28:17 [ERROR] [8192] Creation of dynamic property App\Http\Requests\StoreTelemetryRequest::$fields is deprecated in /var/www/html/App/Http/Requests/StoreTelemetryRequest.php on line 35
2025-10-14 17:28:19 [ERROR] [8192] Creation of dynamic property App\Http\Requests\StoreTelemetryRequest::$api_key is deprecated in /var/www/html/App/Http/Requests/StoreTelemetryRequest.php on line 33
2025-10-14 17:28:19 [ERROR] [8192] Creation of dynamic property App\Http\Requests\StoreTelemetryRequest::$device_id is deprecated in /var/www/html/App/Http/Requests/StoreTelemetryRequest.php on line 34
2025-10-14 17:28:19 [ERROR] [8192] Creation of dynamic property App\Http\Requests\StoreTelemetryRequest::$fields is deprecated in /var/www/html/App/Http/Requests/StoreTelemetryRequest.php on line 35
2025-10-14 17:28:20 [ERROR] [8192] Creation of dynamic property App\Http\Requests\StoreTelemetryRequest::$api_key is deprecated in /var/www/html/App/Http/Requests/StoreTelemetryRequest.php on line 33
2025-10-14 17:28:20 [ERROR] [8192] Creation of dynamic property App\Http\Requests\StoreTelemetryRequest::$device_id is deprecated in /var/www/html/App/Http/Requests/StoreTelemetryRequest.php on line 34
2025-10-14 17:28:20 [ERROR] [8192] Creation of dynamic property App\Http\Requests\StoreTelemetryRequest::$fields is deprecated in /var/www/html/App/Http/Requests/StoreTelemetryRequest.php on line 35
2025-10-14 17:28:20 [ERROR] [8192] Creation of dynamic property App\Http\Requests\StoreTelemetryRequest::$api_key is deprecated in /var/www/html/App/Http/Requests/StoreTelemetryRequest.php on line 33
2025-10-14 17:28:20 [ERROR] [8192] Creation of dynamic property App\Http\Requests\StoreTelemetryRequest::$device_id is deprecated in /var/www/html/App/Http/Requests/StoreTelemetryRequest.php on line 34
2025-10-14 17:28:20 [ERROR] [8192] Creation of dynamic property App\Http\Requests\StoreTelemetryRequest::$fields is deprecated in /var/www/html/App/Http/Requests/StoreTelemetryRequest.php on line 35
2025-10-14 17:32:38 [ERROR] [2] Attempt to read property "fields" on array in /var/www/html/App/Services/TelemetryQueueService.php on line 26
2025-10-14 17:32:38 [ERROR] [2] foreach() argument must be of type array|object, null given in /var/www/html/App/Services/TelemetryQueueService.php on line 26
2025-10-14 17:43:39 [ERROR] [2] Cannot modify header information - headers already sent by (output started at /var/www/html/App/Services/TelemetryQueueService.php:26) in /var/www/html/System/Responses/JsonResponse.php on line 14
2025-10-14 17:43:39 [ERROR] [2] http_response_code(): Cannot set response code - headers already sent (output started at /var/www/html/App/Services/TelemetryQueueService.php:26) in /var/www/html/System/Responses/JsonResponse.php on line 15
2025-10-14 17:47:17 [ERROR] [2] Cannot modify header information - headers already sent by (output started at /var/www/html/App/Services/TelemetryQueueService.php:26) in /var/www/html/System/Responses/JsonResponse.php on line 14
2025-10-14 17:47:17 [ERROR] [2] http_response_code(): Cannot set response code - headers already sent (output started at /var/www/html/App/Services/TelemetryQueueService.php:26) in /var/www/html/System/Responses/JsonResponse.php on line 15
2025-10-14 17:47:46 [ERROR] [2] Undefined variable $deviceId in /var/www/html/App/Services/TelemetryQueueService.php on line 28
2025-10-14 17:47:46 [ERROR] [2] Undefined variable $deviceId in /var/www/html/App/Services/TelemetryQueueService.php on line 28
2025-10-14 17:48:00 [ERROR] [2] Undefined variable $deviceId in /var/www/html/App/Services/TelemetryQueueService.php on line 28
2025-10-14 17:48:00 [ERROR] [2] Undefined variable $deviceId in /var/www/html/App/Services/TelemetryQueueService.php on line 28
2025-10-14 17:48:17 [ERROR] [2] Undefined variable $deviceId in /var/www/html/App/Services/TelemetryQueueService.php on line 28
2025-10-14 17:48:17 [ERROR] [2] Undefined variable $deviceId in /var/www/html/App/Services/TelemetryQueueService.php on line 28
2025-10-14 17:59:02 [ERROR] [2] Undefined variable $deviceId in /var/www/html/App/Services/TelemetryQueueService.php on line 28
2025-10-14 17:59:02 [ERROR] [2] Undefined variable $deviceId in /var/www/html/App/Services/TelemetryQueueService.php on line 28
